<?xml version="1.0" encoding="UTF-8"?>
<testsuite name="Unity" tests="12" failures="0" skips="0">
    <testcase classname="test_bus" name="struct initialization"/>
    <testcase classname="test_bus" name="JEDED"/>
    <testcase classname="test_bus" name="ERASE_BLOCK"/>
    <testcase classname="test_bus" name="LOAD/READ TO THE INTERMEDIARY BUFFER"/>
    <testcase classname="test_bus" name="WRITE/READ 1 PAGE (ERASE_BLOCK FIRST)"/>
    <testcase classname="test_bus" name="WRITE/READ 2 PAGES (ERASE_BLOCK FIRST)"/>
    <testcase classname="test_bus" name="WRITE/READ DIFFERENT BLOCKS (ERASE FIRST)"/>
    <testcase classname="test_bus" name="PROPERLY ERASING BLOCKS"/>
    <testcase classname="test_bus" name="WRITING BIG CHUNKS OF DATA"/>
    <testcase classname="test_bus" name="WRITING FLOAT ARRAYS"/>
    <testcase classname="test_bus" name="Continuous writing, same block, Start from 0"/>
    <testcase classname="test_bus" name="Continuous writing, same block"/>
</testsuite>
